[INFO: 2021-05-22 15:31:15 (InitializeDriver.java:41)] Edge browser Launched Successfully
[INFO: 2021-05-22 15:31:16 (TC001.java:26)] #############################################START#############################################
[INFO: 2021-05-22 15:31:16 (TC001.java:27)] ########################### Verify the valid errors on contact page ###########################
[INFO: 2021-05-22 15:31:16 (TC001.java:28)] #############################################START#############################################
[INFO: 2021-05-22 15:31:16 (TC001.java:30)] Executing Iteation :1/1
[INFO: 2021-05-22 15:31:19 (BaseTest.java:38)] Base Url: https://jupiter.cloud.planittesting.com launched Successfully
[INFO: 2021-05-22 15:31:19 (BaseUtil.java:19)] Clicked on Contact
[INFO: 2021-05-22 15:31:19 (BaseUtil.java:19)] Clicked on Submit
[INFO: 2021-05-22 15:31:19 (Contact.java:36)] Validating the required manadatory validation errors..
[INFO: 2021-05-22 15:31:24 (ContactPage.java:123)] Telephone Error is not displayed
[INFO: 2021-05-22 15:31:25 (Contact.java:41)] Excepected error list:[Forename is required, Email is required, Message is required, We welcome your feedback - but we won't get it unless you complete the form correctly.]
[INFO: 2021-05-22 15:31:25 (Contact.java:43)] Actual error list:[Forename is required, Email is required, Message is required, We welcome your feedback - but we won't get it unless you complete the form correctly.]
[INFO: 2021-05-22 15:31:25 (BaseUtil.java:33)] Entered Data for forename
[INFO: 2021-05-22 15:31:25 (BaseUtil.java:33)] Entered Data for email
[INFO: 2021-05-22 15:31:25 (BaseUtil.java:33)] Entered Data for message
[INFO: 2021-05-22 15:31:25 (Contact.java:50)] Validating the required manadatory validation are not displayed any more..
[INFO: 2021-05-22 15:31:30 (ContactPage.java:113)] forname Error is not displayed
[INFO: 2021-05-22 15:31:35 (ContactPage.java:118)] Email Error is not displayed
[INFO: 2021-05-22 15:31:40 (ContactPage.java:123)] Telephone Error is not displayed
[INFO: 2021-05-22 15:31:45 (ContactPage.java:128)] Message Error is not displayed
[INFO: 2021-05-22 15:31:45 (Contact.java:53)] No Errors Displayed
[INFO: 2021-05-22 15:31:45 (TC001.java:41)] #############################################END###############################################
[INFO: 2021-05-22 15:31:45 (TC001.java:42)] ########################### Verify the valid errors on contact page ###########################
[INFO: 2021-05-22 15:31:45 (TC001.java:43)] #############################################END###############################################
[INFO: 2021-05-22 15:31:46 (InitializeDriver.java:65)] Driver closed Successfully
[INFO: 2021-05-22 15:31:47 (InitializeDriver.java:41)] Edge browser Launched Successfully
[INFO: 2021-05-22 15:31:48 (TC002.java:26)] #############################################START#############################################
[INFO: 2021-05-22 15:31:48 (TC002.java:27)] #################### Verify successful form submission with mandatory fields ##################
[INFO: 2021-05-22 15:31:48 (TC002.java:28)] #############################################START#############################################
[INFO: 2021-05-22 15:31:48 (TC002.java:30)] Executing Iteation :1/5
[INFO: 2021-05-22 15:31:50 (BaseTest.java:38)] Base Url: https://jupiter.cloud.planittesting.com launched Successfully
[INFO: 2021-05-22 15:31:50 (BaseUtil.java:19)] Clicked on Contact
[INFO: 2021-05-22 15:31:51 (BaseUtil.java:33)] Entered Data for forename
[INFO: 2021-05-22 15:31:51 (BaseUtil.java:33)] Entered Data for email
[INFO: 2021-05-22 15:31:51 (BaseUtil.java:33)] Entered Data for message
[INFO: 2021-05-22 15:31:51 (BaseUtil.java:19)] Clicked on Submit
[INFO: 2021-05-22 15:31:52 (ContactPage.java:138)] modal dialog is present 
[INFO: 2021-05-22 15:31:52 (ContactPage.java:140)] Wait for modal dialog to disappear 
[INFO: 2021-05-22 15:31:55 (ContactPage.java:148)] modal dialog disappeared 
[INFO: 2021-05-22 15:31:55 (ContactPage.java:97)] getting message
[INFO: 2021-05-22 15:31:55 (Contact.java:84)] message:Thanks Vaibhav, we appreciate your feedback.
[INFO: 2021-05-22 15:31:55 (TC002.java:43)] #############################################END###############################################
[INFO: 2021-05-22 15:31:55 (TC002.java:44)] #################### Verify successful form submission with mandatory fields ##################
[INFO: 2021-05-22 15:31:55 (TC002.java:45)] #############################################END###############################################
[INFO: 2021-05-22 15:31:55 (TC002.java:26)] #############################################START#############################################
[INFO: 2021-05-22 15:31:55 (TC002.java:27)] #################### Verify successful form submission with mandatory fields ##################
[INFO: 2021-05-22 15:31:55 (TC002.java:28)] #############################################START#############################################
[INFO: 2021-05-22 15:31:55 (TC002.java:30)] Executing Iteation :2/5
[INFO: 2021-05-22 15:31:55 (BaseTest.java:38)] Base Url: https://jupiter.cloud.planittesting.com launched Successfully
[INFO: 2021-05-22 15:31:55 (BaseUtil.java:19)] Clicked on Contact
[INFO: 2021-05-22 15:31:55 (BaseUtil.java:33)] Entered Data for forename
[INFO: 2021-05-22 15:31:56 (BaseUtil.java:33)] Entered Data for email
[INFO: 2021-05-22 15:31:56 (BaseUtil.java:33)] Entered Data for message
[INFO: 2021-05-22 15:31:56 (BaseUtil.java:19)] Clicked on Submit
[INFO: 2021-05-22 15:31:56 (ContactPage.java:138)] modal dialog is present 
[INFO: 2021-05-22 15:31:56 (ContactPage.java:140)] Wait for modal dialog to disappear 
[INFO: 2021-05-22 15:31:59 (ContactPage.java:148)] modal dialog disappeared 
[INFO: 2021-05-22 15:31:59 (ContactPage.java:97)] getting message
[INFO: 2021-05-22 15:31:59 (Contact.java:84)] message:Thanks Jay, we appreciate your feedback.
[INFO: 2021-05-22 15:31:59 (TC002.java:43)] #############################################END###############################################
[INFO: 2021-05-22 15:31:59 (TC002.java:44)] #################### Verify successful form submission with mandatory fields ##################
[INFO: 2021-05-22 15:31:59 (TC002.java:45)] #############################################END###############################################
[INFO: 2021-05-22 15:31:59 (TC002.java:26)] #############################################START#############################################
[INFO: 2021-05-22 15:31:59 (TC002.java:27)] #################### Verify successful form submission with mandatory fields ##################
[INFO: 2021-05-22 15:31:59 (TC002.java:28)] #############################################START#############################################
[INFO: 2021-05-22 15:31:59 (TC002.java:30)] Executing Iteation :3/5
[INFO: 2021-05-22 15:31:59 (BaseTest.java:38)] Base Url: https://jupiter.cloud.planittesting.com launched Successfully
[INFO: 2021-05-22 15:31:59 (BaseUtil.java:19)] Clicked on Contact
[INFO: 2021-05-22 15:31:59 (BaseUtil.java:33)] Entered Data for forename
[INFO: 2021-05-22 15:31:59 (BaseUtil.java:33)] Entered Data for email
[INFO: 2021-05-22 15:32:00 (BaseUtil.java:33)] Entered Data for message
[INFO: 2021-05-22 15:32:00 (BaseUtil.java:19)] Clicked on Submit
[INFO: 2021-05-22 15:32:00 (ContactPage.java:138)] modal dialog is present 
[INFO: 2021-05-22 15:32:00 (ContactPage.java:140)] Wait for modal dialog to disappear 
[INFO: 2021-05-22 15:32:03 (ContactPage.java:148)] modal dialog disappeared 
[INFO: 2021-05-22 15:32:03 (ContactPage.java:97)] getting message
[INFO: 2021-05-22 15:32:03 (Contact.java:84)] message:Thanks Sniti, we appreciate your feedback.
[INFO: 2021-05-22 15:32:03 (TC002.java:43)] #############################################END###############################################
[INFO: 2021-05-22 15:32:03 (TC002.java:44)] #################### Verify successful form submission with mandatory fields ##################
[INFO: 2021-05-22 15:32:03 (TC002.java:45)] #############################################END###############################################
[INFO: 2021-05-22 15:32:03 (TC002.java:26)] #############################################START#############################################
[INFO: 2021-05-22 15:32:03 (TC002.java:27)] #################### Verify successful form submission with mandatory fields ##################
[INFO: 2021-05-22 15:32:03 (TC002.java:28)] #############################################START#############################################
[INFO: 2021-05-22 15:32:03 (TC002.java:30)] Executing Iteation :4/5
[INFO: 2021-05-22 15:32:03 (BaseTest.java:38)] Base Url: https://jupiter.cloud.planittesting.com launched Successfully
[INFO: 2021-05-22 15:32:03 (BaseUtil.java:19)] Clicked on Contact
[INFO: 2021-05-22 15:32:03 (BaseUtil.java:33)] Entered Data for forename
[INFO: 2021-05-22 15:32:04 (BaseUtil.java:33)] Entered Data for email
[INFO: 2021-05-22 15:32:04 (BaseUtil.java:33)] Entered Data for message
[INFO: 2021-05-22 15:32:04 (BaseUtil.java:19)] Clicked on Submit
[INFO: 2021-05-22 15:32:04 (ContactPage.java:138)] modal dialog is present 
[INFO: 2021-05-22 15:32:04 (ContactPage.java:140)] Wait for modal dialog to disappear 
[INFO: 2021-05-22 15:32:17 (ContactPage.java:148)] modal dialog disappeared 
[INFO: 2021-05-22 15:32:17 (ContactPage.java:97)] getting message
[INFO: 2021-05-22 15:32:17 (Contact.java:84)] message:Thanks Amruta, we appreciate your feedback.
[INFO: 2021-05-22 15:32:17 (TC002.java:43)] #############################################END###############################################
[INFO: 2021-05-22 15:32:17 (TC002.java:44)] #################### Verify successful form submission with mandatory fields ##################
[INFO: 2021-05-22 15:32:17 (TC002.java:45)] #############################################END###############################################
[INFO: 2021-05-22 15:32:17 (TC002.java:26)] #############################################START#############################################
[INFO: 2021-05-22 15:32:17 (TC002.java:27)] #################### Verify successful form submission with mandatory fields ##################
[INFO: 2021-05-22 15:32:17 (TC002.java:28)] #############################################START#############################################
[INFO: 2021-05-22 15:32:17 (TC002.java:30)] Executing Iteation :5/5
[INFO: 2021-05-22 15:32:17 (BaseTest.java:38)] Base Url: https://jupiter.cloud.planittesting.com launched Successfully
[INFO: 2021-05-22 15:32:17 (BaseUtil.java:19)] Clicked on Contact
[INFO: 2021-05-22 15:32:17 (BaseUtil.java:33)] Entered Data for forename
[INFO: 2021-05-22 15:32:18 (BaseUtil.java:33)] Entered Data for email
[INFO: 2021-05-22 15:32:18 (BaseUtil.java:33)] Entered Data for message
[INFO: 2021-05-22 15:32:18 (BaseUtil.java:19)] Clicked on Submit
[INFO: 2021-05-22 15:32:18 (ContactPage.java:138)] modal dialog is present 
[INFO: 2021-05-22 15:32:18 (ContactPage.java:140)] Wait for modal dialog to disappear 
[INFO: 2021-05-22 15:32:23 (ContactPage.java:148)] modal dialog disappeared 
[INFO: 2021-05-22 15:32:23 (ContactPage.java:97)] getting message
[INFO: 2021-05-22 15:32:23 (Contact.java:84)] message:Thanks Abir, we appreciate your feedback.
[INFO: 2021-05-22 15:32:23 (TC002.java:43)] #############################################END###############################################
[INFO: 2021-05-22 15:32:23 (TC002.java:44)] #################### Verify successful form submission with mandatory fields ##################
[INFO: 2021-05-22 15:32:23 (TC002.java:45)] #############################################END###############################################
[INFO: 2021-05-22 15:32:24 (InitializeDriver.java:65)] Driver closed Successfully
[INFO: 2021-05-22 15:32:25 (InitializeDriver.java:41)] Edge browser Launched Successfully
[INFO: 2021-05-22 15:32:25 (TC003.java:31)] #############################################START#############################################
[INFO: 2021-05-22 15:32:25 (TC003.java:32)] ################# Verify the selected items on shopping page on the cart ######################
[INFO: 2021-05-22 15:32:25 (TC003.java:33)] #############################################START#############################################
[INFO: 2021-05-22 15:32:25 (TC003.java:35)] Executing Iteation :1/1
[INFO: 2021-05-22 15:32:28 (BaseTest.java:38)] Base Url: https://jupiter.cloud.planittesting.com launched Successfully
[INFO: 2021-05-22 15:32:28 (BaseUtil.java:19)] Clicked on Shop
[INFO: 2021-05-22 15:32:28 (ShopPage.java:47)] Buying for Product: Funny Cow: and quantity: 2
[INFO: 2021-05-22 15:32:28 (ShopPage.java:47)] Buying for Product: Fluffy Bunny: and quantity: 1
[INFO: 2021-05-22 15:32:29 (ShopPage.java:61)] Added Items are matching in the cart count link
[INFO: 2021-05-22 15:32:29 (BaseUtil.java:19)] Clicked on Cart (3)
[INFO: 2021-05-22 15:32:29 (Cart.java:33)] Verifying the product Details for Product: Funny Cow: and quantity: 2
[INFO: 2021-05-22 15:32:29 (Cart.java:35)] Actul Product: Funny Cow and Given Product: Funny Cow are Matching. 
[INFO: 2021-05-22 15:32:29 (Cart.java:36)] Actul Product Quantity: 2 and Given Quality: 2 are Matching 
[INFO: 2021-05-22 15:32:29 (Cart.java:33)] Verifying the product Details for Product: Fluffy Bunny: and quantity: 1
[INFO: 2021-05-22 15:32:29 (Cart.java:35)] Actul Product: Fluffy Bunny and Given Product: Fluffy Bunny are Matching. 
[INFO: 2021-05-22 15:32:29 (Cart.java:36)] Actul Product Quantity: 1 and Given Quality: 1 are Matching 
[INFO: 2021-05-22 15:32:29 (Cart.java:44)] All Records are verified and all are correct
[INFO: 2021-05-22 15:32:29 (TC003.java:52)] #############################################END###############################################
[INFO: 2021-05-22 15:32:29 (TC003.java:53)] ################# Verify the selected items on shopping page on the cart ######################
[INFO: 2021-05-22 15:32:29 (TC003.java:54)] #############################################END###############################################
[INFO: 2021-05-22 15:32:29 (InitializeDriver.java:65)] Driver closed Successfully
[INFO: 2021-05-22 15:32:31 (InitializeDriver.java:41)] Edge browser Launched Successfully
[INFO: 2021-05-22 15:32:31 (TC004.java:31)] #############################################START#############################################
[INFO: 2021-05-22 15:32:31 (TC004.java:32)] ################# Verify Price,SubTotal and GrandTotal of selected Items ######################
[INFO: 2021-05-22 15:32:31 (TC004.java:33)] #############################################START#############################################
[INFO: 2021-05-22 15:32:31 (TC004.java:35)] Executing Iteation :1/1
[INFO: 2021-05-22 15:32:34 (BaseTest.java:38)] Base Url: https://jupiter.cloud.planittesting.com launched Successfully
[INFO: 2021-05-22 15:32:34 (BaseUtil.java:19)] Clicked on Shop
[INFO: 2021-05-22 15:32:35 (ShopPage.java:47)] Buying for Product: Stuffed Frog: and quantity: 2
[INFO: 2021-05-22 15:32:35 (ShopPage.java:47)] Buying for Product: Fluffy Bunny: and quantity: 5
[INFO: 2021-05-22 15:32:36 (ShopPage.java:47)] Buying for Product: Valentine Bear: and quantity: 3
[INFO: 2021-05-22 15:32:36 (InitializeDriver.java:65)] Driver closed Successfully
