[INFO: 2021-05-22 15:36:32 (InitializeDriver.java:41)] Edge browser Launched Successfully
[INFO: 2021-05-22 15:36:33 (TC001.java:26)] #############################################START#############################################
[INFO: 2021-05-22 15:36:33 (TC001.java:27)] ########################### Verify the valid errors on contact page ###########################
[INFO: 2021-05-22 15:36:33 (TC001.java:28)] #############################################START#############################################
[INFO: 2021-05-22 15:36:33 (TC001.java:30)] Executing Iteation :1/1
[INFO: 2021-05-22 15:36:35 (BaseTest.java:38)] Base Url: https://jupiter.cloud.planittesting.com launched Successfully
[INFO: 2021-05-22 15:36:35 (BaseUtil.java:19)] Clicked on Contact
[INFO: 2021-05-22 15:36:36 (BaseUtil.java:19)] Clicked on Submit
[INFO: 2021-05-22 15:36:36 (Contact.java:36)] Validating the required manadatory validation errors..
[INFO: 2021-05-22 15:36:41 (ContactPage.java:123)] Telephone Error is not displayed
[INFO: 2021-05-22 15:36:41 (Contact.java:41)] Excepected error list:[Forename is required, Email is required, Message is required, We welcome your feedback - but we won't get it unless you complete the form correctly.]
[INFO: 2021-05-22 15:36:41 (Contact.java:43)] Actual error list:[Forename is required, Email is required, Message is required, We welcome your feedback - but we won't get it unless you complete the form correctly.]
[INFO: 2021-05-22 15:36:41 (BaseUtil.java:33)] Entered Data for forename
[INFO: 2021-05-22 15:36:42 (BaseUtil.java:33)] Entered Data for email
[INFO: 2021-05-22 15:36:42 (BaseUtil.java:33)] Entered Data for message
[INFO: 2021-05-22 15:36:42 (Contact.java:50)] Validating the required manadatory validation are not displayed any more..
[INFO: 2021-05-22 15:36:47 (ContactPage.java:113)] forname Error is not displayed
[INFO: 2021-05-22 15:36:52 (ContactPage.java:118)] Email Error is not displayed
[INFO: 2021-05-22 15:36:57 (ContactPage.java:123)] Telephone Error is not displayed
[INFO: 2021-05-22 15:37:02 (ContactPage.java:128)] Message Error is not displayed
[INFO: 2021-05-22 15:37:02 (Contact.java:53)] No Errors Displayed
[INFO: 2021-05-22 15:37:02 (TC001.java:41)] #############################################END###############################################
[INFO: 2021-05-22 15:37:02 (TC001.java:42)] ########################### Verify the valid errors on contact page ###########################
[INFO: 2021-05-22 15:37:02 (TC001.java:43)] #############################################END###############################################
[INFO: 2021-05-22 15:37:02 (InitializeDriver.java:65)] Driver closed Successfully
[INFO: 2021-05-22 15:37:04 (InitializeDriver.java:41)] Edge browser Launched Successfully
[INFO: 2021-05-22 15:37:04 (TC002.java:26)] #############################################START#############################################
[INFO: 2021-05-22 15:37:04 (TC002.java:27)] #################### Verify successful form submission with mandatory fields ##################
[INFO: 2021-05-22 15:37:04 (TC002.java:28)] #############################################START#############################################
[INFO: 2021-05-22 15:37:04 (TC002.java:30)] Executing Iteation :1/5
[INFO: 2021-05-22 15:37:06 (BaseTest.java:38)] Base Url: https://jupiter.cloud.planittesting.com launched Successfully
[INFO: 2021-05-22 15:37:06 (BaseUtil.java:19)] Clicked on Contact
[INFO: 2021-05-22 15:37:07 (BaseUtil.java:33)] Entered Data for forename
[INFO: 2021-05-22 15:37:07 (BaseUtil.java:33)] Entered Data for email
[INFO: 2021-05-22 15:37:07 (BaseUtil.java:33)] Entered Data for message
[INFO: 2021-05-22 15:37:07 (BaseUtil.java:19)] Clicked on Submit
[INFO: 2021-05-22 15:37:08 (ContactPage.java:138)] modal dialog is present 
[INFO: 2021-05-22 15:37:08 (ContactPage.java:140)] Wait for modal dialog to disappear 
[INFO: 2021-05-22 15:37:10 (ContactPage.java:148)] modal dialog disappeared 
[INFO: 2021-05-22 15:37:10 (ContactPage.java:97)] getting message
[INFO: 2021-05-22 15:37:10 (Contact.java:84)] message:Thanks Vaibhav, we appreciate your feedback.
[INFO: 2021-05-22 15:37:10 (TC002.java:43)] #############################################END###############################################
[INFO: 2021-05-22 15:37:10 (TC002.java:44)] #################### Verify successful form submission with mandatory fields ##################
[INFO: 2021-05-22 15:37:10 (TC002.java:45)] #############################################END###############################################
[INFO: 2021-05-22 15:37:10 (TC002.java:26)] #############################################START#############################################
[INFO: 2021-05-22 15:37:10 (TC002.java:27)] #################### Verify successful form submission with mandatory fields ##################
[INFO: 2021-05-22 15:37:10 (TC002.java:28)] #############################################START#############################################
[INFO: 2021-05-22 15:37:10 (TC002.java:30)] Executing Iteation :2/5
[INFO: 2021-05-22 15:37:10 (BaseTest.java:38)] Base Url: https://jupiter.cloud.planittesting.com launched Successfully
[INFO: 2021-05-22 15:37:11 (BaseUtil.java:19)] Clicked on Contact
[INFO: 2021-05-22 15:37:11 (BaseUtil.java:33)] Entered Data for forename
[INFO: 2021-05-22 15:37:11 (BaseUtil.java:33)] Entered Data for email
[INFO: 2021-05-22 15:37:11 (BaseUtil.java:33)] Entered Data for message
[INFO: 2021-05-22 15:37:12 (BaseUtil.java:19)] Clicked on Submit
[INFO: 2021-05-22 15:37:12 (ContactPage.java:138)] modal dialog is present 
[INFO: 2021-05-22 15:37:12 (ContactPage.java:140)] Wait for modal dialog to disappear 
[INFO: 2021-05-22 15:37:23 (ContactPage.java:148)] modal dialog disappeared 
[INFO: 2021-05-22 15:37:23 (ContactPage.java:97)] getting message
[INFO: 2021-05-22 15:37:23 (Contact.java:84)] message:Thanks Jay, we appreciate your feedback.
[INFO: 2021-05-22 15:37:23 (TC002.java:43)] #############################################END###############################################
[INFO: 2021-05-22 15:37:23 (TC002.java:44)] #################### Verify successful form submission with mandatory fields ##################
[INFO: 2021-05-22 15:37:23 (TC002.java:45)] #############################################END###############################################
[INFO: 2021-05-22 15:37:23 (TC002.java:26)] #############################################START#############################################
[INFO: 2021-05-22 15:37:23 (TC002.java:27)] #################### Verify successful form submission with mandatory fields ##################
[INFO: 2021-05-22 15:37:23 (TC002.java:28)] #############################################START#############################################
[INFO: 2021-05-22 15:37:23 (TC002.java:30)] Executing Iteation :3/5
[INFO: 2021-05-22 15:37:23 (BaseTest.java:38)] Base Url: https://jupiter.cloud.planittesting.com launched Successfully
[INFO: 2021-05-22 15:37:23 (BaseUtil.java:19)] Clicked on Contact
[INFO: 2021-05-22 15:37:23 (BaseUtil.java:33)] Entered Data for forename
[INFO: 2021-05-22 15:37:23 (BaseUtil.java:33)] Entered Data for email
[INFO: 2021-05-22 15:37:24 (BaseUtil.java:33)] Entered Data for message
[INFO: 2021-05-22 15:37:24 (BaseUtil.java:19)] Clicked on Submit
[INFO: 2021-05-22 15:37:24 (ContactPage.java:138)] modal dialog is present 
[INFO: 2021-05-22 15:37:24 (ContactPage.java:140)] Wait for modal dialog to disappear 
[INFO: 2021-05-22 15:37:34 (ContactPage.java:148)] modal dialog disappeared 
[INFO: 2021-05-22 15:37:34 (ContactPage.java:97)] getting message
[INFO: 2021-05-22 15:37:34 (Contact.java:84)] message:Thanks Sniti, we appreciate your feedback.
[INFO: 2021-05-22 15:37:34 (TC002.java:43)] #############################################END###############################################
[INFO: 2021-05-22 15:37:34 (TC002.java:44)] #################### Verify successful form submission with mandatory fields ##################
[INFO: 2021-05-22 15:37:34 (TC002.java:45)] #############################################END###############################################
[INFO: 2021-05-22 15:37:34 (TC002.java:26)] #############################################START#############################################
[INFO: 2021-05-22 15:37:34 (TC002.java:27)] #################### Verify successful form submission with mandatory fields ##################
[INFO: 2021-05-22 15:37:34 (TC002.java:28)] #############################################START#############################################
[INFO: 2021-05-22 15:37:35 (TC002.java:30)] Executing Iteation :4/5
[INFO: 2021-05-22 15:37:35 (BaseTest.java:38)] Base Url: https://jupiter.cloud.planittesting.com launched Successfully
[INFO: 2021-05-22 15:37:35 (BaseUtil.java:19)] Clicked on Contact
[INFO: 2021-05-22 15:37:35 (BaseUtil.java:33)] Entered Data for forename
[INFO: 2021-05-22 15:37:35 (BaseUtil.java:33)] Entered Data for email
[INFO: 2021-05-22 15:37:35 (BaseUtil.java:33)] Entered Data for message
[INFO: 2021-05-22 15:37:35 (BaseUtil.java:19)] Clicked on Submit
[INFO: 2021-05-22 15:37:36 (ContactPage.java:138)] modal dialog is present 
[INFO: 2021-05-22 15:37:36 (ContactPage.java:140)] Wait for modal dialog to disappear 
[INFO: 2021-05-22 15:37:38 (ContactPage.java:148)] modal dialog disappeared 
[INFO: 2021-05-22 15:37:38 (ContactPage.java:97)] getting message
[INFO: 2021-05-22 15:37:38 (Contact.java:84)] message:Thanks Amruta, we appreciate your feedback.
[INFO: 2021-05-22 15:37:38 (TC002.java:43)] #############################################END###############################################
[INFO: 2021-05-22 15:37:38 (TC002.java:44)] #################### Verify successful form submission with mandatory fields ##################
[INFO: 2021-05-22 15:37:38 (TC002.java:45)] #############################################END###############################################
[INFO: 2021-05-22 15:37:38 (TC002.java:26)] #############################################START#############################################
[INFO: 2021-05-22 15:37:38 (TC002.java:27)] #################### Verify successful form submission with mandatory fields ##################
[INFO: 2021-05-22 15:37:38 (TC002.java:28)] #############################################START#############################################
[INFO: 2021-05-22 15:37:38 (TC002.java:30)] Executing Iteation :5/5
[INFO: 2021-05-22 15:37:38 (BaseTest.java:38)] Base Url: https://jupiter.cloud.planittesting.com launched Successfully
[INFO: 2021-05-22 15:37:38 (BaseUtil.java:19)] Clicked on Contact
[INFO: 2021-05-22 15:37:39 (BaseUtil.java:33)] Entered Data for forename
[INFO: 2021-05-22 15:37:39 (BaseUtil.java:33)] Entered Data for email
[INFO: 2021-05-22 15:37:39 (BaseUtil.java:33)] Entered Data for message
[INFO: 2021-05-22 15:37:39 (BaseUtil.java:19)] Clicked on Submit
[INFO: 2021-05-22 15:37:39 (ContactPage.java:138)] modal dialog is present 
[INFO: 2021-05-22 15:37:39 (ContactPage.java:140)] Wait for modal dialog to disappear 
[INFO: 2021-05-22 15:37:45 (ContactPage.java:148)] modal dialog disappeared 
[INFO: 2021-05-22 15:37:45 (ContactPage.java:97)] getting message
[INFO: 2021-05-22 15:37:45 (Contact.java:84)] message:Thanks Abir, we appreciate your feedback.
[INFO: 2021-05-22 15:37:45 (TC002.java:43)] #############################################END###############################################
[INFO: 2021-05-22 15:37:45 (TC002.java:44)] #################### Verify successful form submission with mandatory fields ##################
[INFO: 2021-05-22 15:37:45 (TC002.java:45)] #############################################END###############################################
[INFO: 2021-05-22 15:37:45 (InitializeDriver.java:65)] Driver closed Successfully
[INFO: 2021-05-22 15:37:47 (InitializeDriver.java:41)] Edge browser Launched Successfully
[INFO: 2021-05-22 15:37:47 (TC003.java:31)] #############################################START#############################################
[INFO: 2021-05-22 15:37:47 (TC003.java:32)] ################# Verify the selected items on shopping page on the cart ######################
[INFO: 2021-05-22 15:37:47 (TC003.java:33)] #############################################START#############################################
[INFO: 2021-05-22 15:37:47 (TC003.java:35)] Executing Iteation :1/1
[INFO: 2021-05-22 15:37:50 (BaseTest.java:38)] Base Url: https://jupiter.cloud.planittesting.com launched Successfully
[INFO: 2021-05-22 15:37:50 (BaseUtil.java:19)] Clicked on Shop
[INFO: 2021-05-22 15:37:50 (ShopPage.java:47)] Buying for Product: Funny Cow: and quantity: 2
[INFO: 2021-05-22 15:37:51 (ShopPage.java:47)] Buying for Product: Fluffy Bunny: and quantity: 1
[INFO: 2021-05-22 15:37:54 (ShopPage.java:64)] Added Items are matching in the cart count link
[INFO: 2021-05-22 15:37:54 (BaseUtil.java:19)] Clicked on Cart (3)
[INFO: 2021-05-22 15:37:55 (Cart.java:33)] Verifying the product Details for Product: Funny Cow: and quantity: 2
[INFO: 2021-05-22 15:37:55 (Cart.java:35)] Actul Product: Funny Cow and Given Product: Funny Cow are Matching. 
[INFO: 2021-05-22 15:37:55 (Cart.java:36)] Actul Product Quantity: 2 and Given Quality: 2 are Matching 
[INFO: 2021-05-22 15:37:55 (Cart.java:33)] Verifying the product Details for Product: Fluffy Bunny: and quantity: 1
[INFO: 2021-05-22 15:37:55 (Cart.java:35)] Actul Product: Fluffy Bunny and Given Product: Fluffy Bunny are Matching. 
[INFO: 2021-05-22 15:37:55 (Cart.java:36)] Actul Product Quantity: 1 and Given Quality: 1 are Matching 
[INFO: 2021-05-22 15:37:55 (Cart.java:44)] All Records are verified and all are correct
[INFO: 2021-05-22 15:37:55 (TC003.java:52)] #############################################END###############################################
[INFO: 2021-05-22 15:37:55 (TC003.java:53)] ################# Verify the selected items on shopping page on the cart ######################
[INFO: 2021-05-22 15:37:55 (TC003.java:54)] #############################################END###############################################
[INFO: 2021-05-22 15:37:55 (InitializeDriver.java:65)] Driver closed Successfully
[INFO: 2021-05-22 15:37:57 (InitializeDriver.java:41)] Edge browser Launched Successfully
[INFO: 2021-05-22 15:37:57 (TC004.java:31)] #############################################START#############################################
[INFO: 2021-05-22 15:37:57 (TC004.java:32)] ################# Verify Price,SubTotal and GrandTotal of selected Items ######################
[INFO: 2021-05-22 15:37:57 (TC004.java:33)] #############################################START#############################################
[INFO: 2021-05-22 15:37:57 (TC004.java:35)] Executing Iteation :1/1
[INFO: 2021-05-22 15:37:59 (BaseTest.java:38)] Base Url: https://jupiter.cloud.planittesting.com launched Successfully
[INFO: 2021-05-22 15:37:59 (BaseUtil.java:19)] Clicked on Shop
[INFO: 2021-05-22 15:38:00 (ShopPage.java:47)] Buying for Product: Stuffed Frog: and quantity: 2
[INFO: 2021-05-22 15:38:00 (ShopPage.java:47)] Buying for Product: Fluffy Bunny: and quantity: 5
[INFO: 2021-05-22 15:38:01 (ShopPage.java:47)] Buying for Product: Valentine Bear: and quantity: 3
[INFO: 2021-05-22 15:38:04 (ShopPage.java:64)] Added Items are matching in the cart count link
[INFO: 2021-05-22 15:38:04 (BaseUtil.java:19)] Clicked on Cart (10)
[INFO: 2021-05-22 15:38:05 (Cart.java:33)] Verifying the product Details for Product: Stuffed Frog: and quantity: 2
[INFO: 2021-05-22 15:38:05 (Cart.java:35)] Actul Product: Stuffed Frog and Given Product: Stuffed Frog are Matching. 
[INFO: 2021-05-22 15:38:05 (Cart.java:36)] Actul Product Quantity: 2 and Given Quality: 2 are Matching 
[INFO: 2021-05-22 15:38:05 (Cart.java:33)] Verifying the product Details for Product: Fluffy Bunny: and quantity: 5
[INFO: 2021-05-22 15:38:05 (Cart.java:35)] Actul Product: Fluffy Bunny and Given Product: Fluffy Bunny are Matching. 
[INFO: 2021-05-22 15:38:05 (Cart.java:36)] Actul Product Quantity: 5 and Given Quality: 5 are Matching 
[INFO: 2021-05-22 15:38:05 (Cart.java:33)] Verifying the product Details for Product: Valentine Bear: and quantity: 3
[INFO: 2021-05-22 15:38:05 (Cart.java:35)] Actul Product: Valentine Bear and Given Product: Valentine Bear are Matching. 
[INFO: 2021-05-22 15:38:05 (Cart.java:36)] Actul Product Quantity: 3 and Given Quality: 3 are Matching 
[INFO: 2021-05-22 15:38:05 (Cart.java:44)] All Records are verified and all are correct
[INFO: 2021-05-22 15:38:06 (Cart.java:57)] Verifying price for product: Stuffed Frog
[INFO: 2021-05-22 15:38:06 (Cart.java:59)] Prices on Shopping page: 10.99 and Shopping Cart: 10.99 are Same
[INFO: 2021-05-22 15:38:06 (Cart.java:57)] Verifying price for product: Fluffy Bunny
[INFO: 2021-05-22 15:38:06 (Cart.java:59)] Prices on Shopping page: 9.99 and Shopping Cart: 9.99 are Same
[INFO: 2021-05-22 15:38:06 (Cart.java:57)] Verifying price for product: Valentine Bear
[INFO: 2021-05-22 15:38:06 (Cart.java:59)] Prices on Shopping page: 14.99 and Shopping Cart: 14.99 are Same
[INFO: 2021-05-22 15:38:06 (Cart.java:68)] Prices are matching for all selected items in the cart
[INFO: 2021-05-22 15:38:06 (Cart.java:82)] Verifying SubTotal for product: Stuffed Frog
[INFO: 2021-05-22 15:38:06 (Cart.java:89)] Calculated SubTotal of Product: 21.98 and Printed Subtotal on page: 21.98 are Same
[INFO: 2021-05-22 15:38:06 (Cart.java:82)] Verifying SubTotal for product: Fluffy Bunny
[INFO: 2021-05-22 15:38:06 (Cart.java:89)] Calculated SubTotal of Product: 49.95 and Printed Subtotal on page: 49.95 are Same
[INFO: 2021-05-22 15:38:06 (Cart.java:82)] Verifying SubTotal for product: Valentine Bear
[INFO: 2021-05-22 15:38:06 (Cart.java:89)] Calculated SubTotal of Product: 44.97 and Printed Subtotal on page: 44.97 are Same
[INFO: 2021-05-22 15:38:06 (Cart.java:97)] SubTotal are matching for all selected items in the cart
[INFO: 2021-05-22 15:38:06 (Cart.java:109)] Calculated Sum of SubTotal:116.9 and Grand Total on Cart page: 116.9 are Same
[INFO: 2021-05-22 15:38:06 (TC004.java:55)] #############################################END###############################################
[INFO: 2021-05-22 15:38:06 (TC004.java:56)] ################# Verify Price,SubTotal and GrandTotal of selected Items ######################
[INFO: 2021-05-22 15:38:06 (TC004.java:57)] #############################################END###############################################
[INFO: 2021-05-22 15:38:06 (InitializeDriver.java:65)] Driver closed Successfully
