[INFO: 2021-05-22 00:32:09 (InitializeDriver.java:32)] Chrome browser Launched Successfully
[INFO: 2021-05-22 00:32:10 (TC003.java:31)] #############################################START#############################################
[INFO: 2021-05-22 00:32:10 (TC003.java:32)] ################# Verify the selected items on shopping page on the cart ######################
[INFO: 2021-05-22 00:32:10 (TC003.java:33)] #############################################START#############################################
[INFO: 2021-05-22 00:32:10 (TC003.java:35)] Executing Iteation :1/1
[INFO: 2021-05-22 00:32:13 (BaseTest.java:38)] Base Url: https://jupiter.cloud.planittesting.com launched Successfully
[INFO: 2021-05-22 00:32:13 (BaseUtil.java:19)] Clicked on Shop
[INFO: 2021-05-22 00:32:13 (ShopPage.java:47)] Buying for Product: Funny Cow: and quantity: 2
[INFO: 2021-05-22 00:32:14 (ShopPage.java:47)] Buying for Product: Fluffy Bunny: and quantity: 1
[INFO: 2021-05-22 00:32:14 (ShopPage.java:61)] Added Items are matching in the cart count link
[INFO: 2021-05-22 00:32:14 (BaseUtil.java:19)] Clicked on Cart (3)
[INFO: 2021-05-22 00:32:14 (Cart.java:33)] Verifying the product Details for Product: Funny Cow: and quantity: 2
[INFO: 2021-05-22 00:32:14 (Cart.java:35)] Actul Product: Funny Cow and Given Product: Funny Cow are Matching. 
[INFO: 2021-05-22 00:32:14 (Cart.java:36)] Actul Product Quantity: 2 and Given Quality: 2 are Matching 
[INFO: 2021-05-22 00:32:14 (Cart.java:33)] Verifying the product Details for Product: Fluffy Bunny: and quantity: 1
[INFO: 2021-05-22 00:32:14 (Cart.java:35)] Actul Product: Fluffy Bunny and Given Product: Fluffy Bunny are Matching. 
[INFO: 2021-05-22 00:32:14 (Cart.java:36)] Actul Product Quantity: 1 and Given Quality: 1 are Matching 
[INFO: 2021-05-22 00:32:14 (Cart.java:44)] All Records are verified and all are correct
[INFO: 2021-05-22 00:32:14 (TC003.java:52)] #############################################END###############################################
[INFO: 2021-05-22 00:32:14 (TC003.java:53)] ################# Verify the selected items on shopping page on the cart ######################
[INFO: 2021-05-22 00:32:14 (TC003.java:54)] #############################################END###############################################
[INFO: 2021-05-22 00:32:15 (InitializeDriver.java:53)] Driver closed Successfully
